Arguments: 
  /usr/local/Cellar/node/19.7.0/bin/node /usr/local/bin/yarn add @tensorflow/tfjs

PATH: 
  /usr/local/bin:/System/Cryptexes/App/usr/bin:/usr/bin:/bin:/usr/sbin:/sbin

Yarn version: 
  1.22.19

Node version: 
  19.7.0

Platform: 
  darwin x64

Trace: 
  Error: EINVAL: invalid argument, mkdir '/Users/Tivakorn/Workspace/rmutto/message-service/node_modules/@line/bot-sdk/node_modules'

npm manifest: 
  {
    "name": "message-service",
    "version": "1.0.0",
    "description": "",
    "main": "index.js",
    "scripts": {
      "dev": "nodemon -L src/app.ts --exec ts-node",
      "test": "echo \"Error: no test specified\" && exit 1"
    },
    "keywords": [],
    "author": "",
    "license": "ISC",
    "devDependencies": {
      "@types/express": "^4.17.17",
      "@types/node": "^18.15.3",
      "ts-node": "^10.9.1",
      "typescript": "^5.0.2"
    },
    "optionalDependencies": {
      "nodemon": "^2.0.21"
    },
    "dependencies": {
      "@line/bot-sdk": "^7.5.2",
      "@tensorflow/tfjs": "^4.3.0",
      "axios": "^1.3.4",
      "express": "^4.18.2"
    }
  }

yarn manifest: 
  No manifest

Lockfile: 
  No lockfile
